Keepalive run at Sun Sep  7 03:37:44 UTC 2025
Keepalive run at Mon Sep  8 03:45:25 UTC 2025
Keepalive run at Tue Sep  9 03:38:08 UTC 2025
Keepalive run at Wed Sep 10 03:18:44 UTC 2025
Keepalive run at Thu Sep 11 03:37:53 UTC 2025
Keepalive run at Fri Sep 12 03:19:02 UTC 2025
Keepalive run at Sat Sep 13 03:03:04 UTC 2025
Keepalive run at Sun Sep 14 03:36:59 UTC 2025
Keepalive run at Mon Sep 15 03:46:22 UTC 2025
Keepalive run at Tue Sep 16 03:34:40 UTC 2025
Keepalive run at Wed Sep 17 03:19:49 UTC 2025
Keepalive run at Thu Sep 18 03:36:35 UTC 2025
Keepalive run at Fri Sep 19 03:37:37 UTC 2025
Keepalive run at Sat Sep 20 03:18:58 UTC 2025
Keepalive run at Sun Sep 21 03:44:49 UTC 2025
Keepalive run at Mon Sep 22 03:45:35 UTC 2025
Keepalive run at Tue Sep 23 03:35:35 UTC 2025
Keepalive run at Wed Sep 24 03:37:12 UTC 2025
Keepalive run at Thu Sep 25 03:38:30 UTC 2025
Keepalive run at Fri Sep 26 03:36:24 UTC 2025
Keepalive run at Sat Sep 27 02:51:57 UTC 2025
Keepalive run at Sun Sep 28 03:05:33 UTC 2025
Keepalive run at Mon Sep 29 03:01:54 UTC 2025
Keepalive run at Tue Sep 30 02:55:38 UTC 2025
Keepalive run at Wed Oct  1 03:08:44 UTC 2025
